[2026-07-20T16:58:08.427Z] GET http://localhost:5174/ → 200 (499ms, 569B)
[2026-07-20T16:58:08.973Z] GET http://localhost:5174/@vite/client → pending (?ms, ?B)
[2026-07-20T16:58:08.973Z] GET http://localhost:5174/src/main.jsx → 200 (112ms, 1618B)
[2026-07-20T16:58:09.017Z] GET http://localhost:5174/@react-refresh → pending (?ms, ?B)
[2026-07-20T16:58:09.091Z] GET http://localhost:5174/node_modules/.vite/deps/react.js?v=6a033e6a → pending (?ms, ?B)
[2026-07-20T16:58:09.091Z] GET http://localhost:5174/node_modules/.vite/deps/react-dom_client.js?v=91dbaa82 → pending (?ms, ?B)
[2026-07-20T16:58:09.091Z] GET http://localhost:5174/src/App.jsx → pending (?ms, ?B)
[2026-07-20T16:58:09.091Z] GET http://localhost:5174/node_modules/.vite/deps/react_jsx-dev-runtime.js?v=6a033e6a → pending (?ms, ?B)
[2026-07-20T16:58:09.290Z] GET http://localhost:5174/node_modules/.vite/deps/rolldown-runtime-B-1-B7_t.js?v=58b7f6f9 → 200 (17ms, 7626B)
[2026-07-20T16:58:09.290Z] GET http://localhost:5174/node_modules/.vite/deps/react-dom-DZQ9hRBr.js?v=58b7f6f9 → 200 (248ms, 2590979B)
[2026-07-20T16:58:09.298Z] GET http://localhost:5174/node_modules/.vite/deps/react-router-dom.js?v=7c792ad7 → 200 (272ms, 787492B)
[2026-07-20T16:58:09.298Z] GET http://localhost:5174/src/context/AuthContext.jsx → 200 (248ms, 4598B)
[2026-07-20T16:58:09.298Z] GET http://localhost:5174/src/routes/AppRouter.jsx → 200 (264ms, 6770B)
[2026-07-20T16:58:09.565Z] GET http://localhost:5174/src/layouts/MainLayout.jsx → 200 (6ms, 2945B)
[2026-07-20T16:58:09.565Z] GET http://localhost:5174/src/routes/ProtectedRoute.jsx → 200 (11ms, 3764B)
[2026-07-20T16:58:09.565Z] GET http://localhost:5174/src/pages/Auth/Login.jsx → 200 (12ms, 4385B)
[2026-07-20T16:58:09.565Z] GET http://localhost:5174/src/pages/Auth/Register.jsx → 200 (13ms, 2927B)
[2026-07-20T16:58:09.565Z] GET http://localhost:5174/src/pages/sections/Dashboard.jsx → 200 (14ms, 2966B)
[2026-07-20T16:58:09.565Z] GET http://localhost:5174/src/pages/sections/Students.jsx → 200 (15ms, 2950B)
[2026-07-20T16:58:09.565Z] GET http://localhost:5174/src/pages/sections/Cohorts.jsx → 200 (21ms, 2937B)
[2026-07-20T16:58:09.565Z] GET http://localhost:5174/src/pages/sections/Groups.jsx → 200 (23ms, 2917B)
[2026-07-20T16:58:09.565Z] GET http://localhost:5174/src/pages/sections/Templates.jsx → 200 (24ms, 2966B)
[2026-07-20T16:58:09.565Z] GET http://localhost:5174/src/pages/sections/Tutors.jsx → 200 (24ms, 2922B)
[2026-07-20T16:58:09.565Z] GET http://localhost:5174/src/pages/sections/NotFoundPage.jsx → 200 (25ms, 3007B)
[2026-07-20T16:58:09.572Z] GET http://localhost:5174/node_modules/.vite/deps/@mui_material.js?v=0d0ed870 → 200 (303ms, 5453784B)
[2026-07-20T16:58:09.875Z] GET http://localhost:5174/node_modules/.vite/deps/react_jsx-runtime.js?v=6a033e6a → 200 (85ms, 107294B)
[2026-07-20T16:58:09.989Z] GET http://localhost:5174/node_modules/vite/dist/client/env.mjs → 200 (9ms, 3478B)
[2026-07-20T16:58:32.553Z] GET http://localhost:5174/src/api/endpoints/health.js → 200 (264ms, 653B)
[2026-07-20T16:58:32.819Z] GET http://localhost:5174/src/api/client.js → 200 (158ms, 6545B)
[2026-07-20T16:58:32.979Z] GET http://localhost:5174/node_modules/.vite/deps/axios.js?v=d73915d6 → pending (?ms, ?B)
[2026-07-20T16:58:32.979Z] GET http://localhost:5174/src/config/env.js → 200 (2ms, 1431B)
[2026-07-20T16:58:37.738Z] GET http://localhost:5174/login → 200 (120ms, 569B)
[2026-07-20T16:58:37.776Z] GET http://localhost:5174/node_modules/.vite/deps/rolldown-runtime-B-1-B7_t.js?v=6ba7fd44 → 200 (23ms, 7626B)
[2026-07-20T16:58:37.911Z] GET http://localhost:8000/health → pending (?ms, ?B)
[2026-07-20T16:58:37.984Z] GET http://localhost:5174/@vite/client → pending (?ms, ?B)
[2026-07-20T16:58:37.984Z] GET http://localhost:5174/src/main.jsx → 200 (9ms, 1618B)
[2026-07-20T16:58:37.986Z] GET http://localhost:5174/@react-refresh → 304 (96ms, ?B)
[2026-07-20T16:58:37.994Z] GET http://localhost:5174/node_modules/.vite/deps/react.js?v=6ba7fd44 → 200 (29ms, 221736B)
[2026-07-20T16:58:37.994Z] GET http://localhost:5174/node_modules/.vite/deps/react-dom_client.js?v=6ba7fd44 → 200 (85ms, 2334B)
[2026-07-20T16:58:37.994Z] GET http://localhost:5174/src/App.jsx → 200 (83ms, 3061B)
[2026-07-20T16:58:37.994Z] GET http://localhost:5174/node_modules/.vite/deps/react_jsx-dev-runtime.js?v=6ba7fd44 → 200 (87ms, 105968B)
[2026-07-20T16:58:38.027Z] GET http://localhost:5174/node_modules/.vite/deps/rolldown-runtime-B-1-B7_t.js?v=6ba7fd44 → 200 (?ms, -308B)
[2026-07-20T16:58:38.080Z] GET http://localhost:5174/node_modules/.vite/deps/react-router-dom.js?v=6ba7fd44 → pending (?ms, ?B)
[2026-07-20T16:58:38.080Z] GET http://localhost:5174/src/context/AuthContext.jsx → pending (?ms, ?B)
[2026-07-20T16:58:38.080Z] GET http://localhost:5174/src/routes/AppRouter.jsx → pending (?ms, ?B)
[2026-07-20T16:58:38.081Z] GET http://localhost:5174/node_modules/.vite/deps/react-dom-DZQ9hRBr.js?v=6ba7fd44 → pending (?ms, ?B)
[2026-07-20T16:58:38.234Z] GET http://localhost:5174/src/layouts/MainLayout.jsx → 200 (24ms, 2945B)
[2026-07-20T16:58:38.234Z] GET http://localhost:5174/src/routes/ProtectedRoute.jsx → 200 (47ms, 3764B)
[2026-07-20T16:58:38.234Z] GET http://localhost:5174/src/pages/Auth/Login.jsx → 200 (27ms, 4385B)
[2026-07-20T16:58:38.234Z] GET http://localhost:5174/src/pages/Auth/Register.jsx → 200 (32ms, 2927B)
[2026-07-20T16:58:38.234Z] GET http://localhost:5174/src/pages/sections/Dashboard.jsx → 200 (41ms, 2966B)
[2026-07-20T16:58:38.234Z] GET http://localhost:5174/src/pages/sections/Students.jsx → 200 (47ms, 2950B)
[2026-07-20T16:58:38.234Z] GET http://localhost:5174/src/pages/sections/Cohorts.jsx → 200 (39ms, 2937B)
[2026-07-20T16:58:38.234Z] GET http://localhost:5174/src/pages/sections/Groups.jsx → 200 (35ms, 2917B)
[2026-07-20T16:58:38.234Z] GET http://localhost:5174/src/pages/sections/Templates.jsx → 200 (47ms, 2966B)
[2026-07-20T16:58:38.234Z] GET http://localhost:5174/src/pages/sections/Tutors.jsx → 200 (48ms, 2922B)
[2026-07-20T16:58:38.234Z] GET http://localhost:5174/src/pages/sections/NotFoundPage.jsx → 200 (53ms, 3007B)
[2026-07-20T16:58:38.234Z] GET http://localhost:5174/node_modules/vite/dist/client/env.mjs → 304 (53ms, ?B)
[2026-07-20T16:58:38.261Z] GET http://localhost:5174/node_modules/.vite/deps/@mui_material.js?v=6ba7fd44 → 200 (328ms, 5453784B)
[2026-07-20T16:58:38.590Z] GET http://localhost:5174/node_modules/.vite/deps/react_jsx-runtime.js?v=6ba7fd44 → 200 (4ms, 107294B)
[2026-07-20T16:58:46.561Z] GET http://localhost:5174/src/api/endpoints/health.js → 304 (10ms, ?B)
[2026-07-20T16:58:46.572Z] GET http://localhost:5174/src/api/client.js → 200 (7ms, 6545B)
[2026-07-20T16:58:46.580Z] GET http://localhost:5174/node_modules/.vite/deps/axios.js?v=6ba7fd44 → 200 (36ms, 409917B)
[2026-07-20T16:58:46.580Z] GET http://localhost:5174/src/config/env.js → 304 (4ms, ?B)
[2026-07-20T16:58:46.623Z] GET http://localhost:8000/health → 200 (213ms, 15B)
